<?xml version="1.0" encoding="UTF-8"?>
<!-- Generated by org.testng.reporters.JUnitReportReporter -->
<testsuite hostname="ssaklecha1-LAP" failures="0" tests="1" name="tests.LoginTest" time="15.125" errors="0" timestamp="2025-03-16T13:22:13 IST" skipped="0">
  <testcase classname="tests.LoginTest" name="testLoginWithValidCredentials" time="15.125"/>
  <system-out/>
</testsuite> <!-- tests.LoginTest -->
