<?xml version="1.0" encoding="UTF-8"?>
<!-- Generated by org.testng.reporters.JUnitReportReporter -->
<testsuite hostname="ssaklecha1-LAP" failures="0" tests="1" name="tests.CartTest" time="16.835" errors="0" timestamp="2025-03-16T13:22:13 IST" skipped="0">
  <testcase classname="tests.CartTest" name="testAddItemToCart" time="16.835"/>
  <system-out/>
</testsuite> <!-- tests.CartTest -->
